[INFO] Scanning for projects...
[INFO] 
[INFO] ---------------------< com.vakya:comment-service >----------------------
[INFO] Building comment-service 0.0.1-SNAPSHOT
[INFO]   from pom.xml
[INFO] --------------------------------[ jar ]---------------------------------
[INFO] 
[INFO] >>> spring-boot:3.5.4:run (default-cli) > test-compile @ comment-service >>>
[INFO] 
[INFO] --- resources:3.3.1:resources (default-resources) @ comment-service ---
[INFO] Copying 1 resource from src/main/resources to target/classes
[INFO] Copying 2 resources from src/main/resources to target/classes
[INFO] 
[INFO] --- compiler:3.14.0:compile (default-compile) @ comment-service ---
[INFO] Recompiling the module because of changed source code.
[INFO] Compiling 11 source files with javac [debug parameters release 17] to target/classes
[INFO] -------------------------------------------------------------
[ERROR] COMPILATION ERROR : 
[INFO] -------------------------------------------------------------
[ERROR] /home/vakdevi/Downloads/comment-service/src/main/java/com/vakya/post_service/controller/thymeleaftController/PostThymeleafController.java:[3,36] package com.vakya.post_service.feign does not exist
[ERROR] /home/vakdevi/Downloads/comment-service/src/main/java/com/vakya/post_service/controller/thymeleaftController/PostThymeleafController.java:[4,36] package com.vakya.post_service.model does not exist
[ERROR] /home/vakdevi/Downloads/comment-service/src/main/java/com/vakya/post_service/controller/thymeleaftController/PostThymeleafController.java:[5,38] package com.vakya.post_service.service does not exist
[ERROR] /home/vakdevi/Downloads/comment-service/src/main/java/com/vakya/post_service/controller/thymeleaftController/PostThymeleafController.java:[20,19] cannot find symbol
  symbol:   class PostService
  location: class com.vakya.post_service.controller.thymeleaftController.PostThymeleafController
[ERROR] /home/vakdevi/Downloads/comment-service/src/main/java/com/vakya/post_service/controller/thymeleaftController/PostThymeleafController.java:[21,19] cannot find symbol
  symbol:   class UserClient
  location: class com.vakya.post_service.controller.thymeleaftController.PostThymeleafController
[ERROR] /home/vakdevi/Downloads/comment-service/src/main/java/com/vakya/post_service/controller/thymeleaftController/PostThymeleafController.java:[23,36] cannot find symbol
  symbol:   class PostService
  location: class com.vakya.post_service.controller.thymeleaftController.PostThymeleafController
[ERROR] /home/vakdevi/Downloads/comment-service/src/main/java/com/vakya/post_service/controller/thymeleaftController/PostThymeleafController.java:[23,61] cannot find symbol
  symbol:   class UserClient
  location: class com.vakya.post_service.controller.thymeleaftController.PostThymeleafController
[ERROR] /home/vakdevi/Downloads/comment-service/src/main/java/com/vakya/post_service/controller/thymeleaftController/PostThymeleafController.java:[35,46] cannot find symbol
  symbol:   class Post
  location: class com.vakya.post_service.controller.thymeleaftController.PostThymeleafController
[ERROR] /home/vakdevi/Downloads/comment-service/src/main/java/com/vakya/user_service/controller/LoginPageController.java:[4,36] package com.vakya.user_service.model does not exist
[ERROR] /home/vakdevi/Downloads/comment-service/src/main/java/com/vakya/user_service/controller/LoginPageController.java:[5,38] package com.vakya.user_service.service does not exist
[ERROR] /home/vakdevi/Downloads/comment-service/src/main/java/com/vakya/user_service/controller/LoginPageController.java:[16,19] cannot find symbol
  symbol:   class UserService
  location: class com.vakya.user_service.controller.LoginPageController
[ERROR] /home/vakdevi/Downloads/comment-service/src/main/java/com/vakya/user_service/controller/LoginPageController.java:[19,32] cannot find symbol
  symbol:   class UserService
  location: class com.vakya.user_service.controller.LoginPageController
[ERROR] /home/vakdevi/Downloads/comment-service/src/main/java/com/vakya/user_service/controller/LoginPageController.java:[36,48] cannot find symbol
  symbol:   class User
  location: class com.vakya.user_service.controller.LoginPageController
[INFO] 13 errors 
[INFO] -------------------------------------------------------------
[INFO] ------------------------------------------------------------------------
[INFO] BUILD FAILURE
[INFO] ------------------------------------------------------------------------
[INFO] Total time:  24.661 s
[INFO] Finished at: 2025-08-14T14:25:49+05:30
[INFO] ------------------------------------------------------------------------
[ERROR] Failed to execute goal org.apache.maven.plugins:maven-compiler-plugin:3.14.0:compile (default-compile) on project comment-service: Compilation failure: Compilation failure: 
[ERROR] /home/vakdevi/Downloads/comment-service/src/main/java/com/vakya/post_service/controller/thymeleaftController/PostThymeleafController.java:[3,36] package com.vakya.post_service.feign does not exist
[ERROR] /home/vakdevi/Downloads/comment-service/src/main/java/com/vakya/post_service/controller/thymeleaftController/PostThymeleafController.java:[4,36] package com.vakya.post_service.model does not exist
[ERROR] /home/vakdevi/Downloads/comment-service/src/main/java/com/vakya/post_service/controller/thymeleaftController/PostThymeleafController.java:[5,38] package com.vakya.post_service.service does not exist
[ERROR] /home/vakdevi/Downloads/comment-service/src/main/java/com/vakya/post_service/controller/thymeleaftController/PostThymeleafController.java:[20,19] cannot find symbol
[ERROR]   symbol:   class PostService
[ERROR]   location: class com.vakya.post_service.controller.thymeleaftController.PostThymeleafController
[ERROR] /home/vakdevi/Downloads/comment-service/src/main/java/com/vakya/post_service/controller/thymeleaftController/PostThymeleafController.java:[21,19] cannot find symbol
[ERROR]   symbol:   class UserClient
[ERROR]   location: class com.vakya.post_service.controller.thymeleaftController.PostThymeleafController
[ERROR] /home/vakdevi/Downloads/comment-service/src/main/java/com/vakya/post_service/controller/thymeleaftController/PostThymeleafController.java:[23,36] cannot find symbol
[ERROR]   symbol:   class PostService
[ERROR]   location: class com.vakya.post_service.controller.thymeleaftController.PostThymeleafController
[ERROR] /home/vakdevi/Downloads/comment-service/src/main/java/com/vakya/post_service/controller/thymeleaftController/PostThymeleafController.java:[23,61] cannot find symbol
[ERROR]   symbol:   class UserClient
[ERROR]   location: class com.vakya.post_service.controller.thymeleaftController.PostThymeleafController
[ERROR] /home/vakdevi/Downloads/comment-service/src/main/java/com/vakya/post_service/controller/thymeleaftController/PostThymeleafController.java:[35,46] cannot find symbol
[ERROR]   symbol:   class Post
[ERROR]   location: class com.vakya.post_service.controller.thymeleaftController.PostThymeleafController
[ERROR] /home/vakdevi/Downloads/comment-service/src/main/java/com/vakya/user_service/controller/LoginPageController.java:[4,36] package com.vakya.user_service.model does not exist
[ERROR] /home/vakdevi/Downloads/comment-service/src/main/java/com/vakya/user_service/controller/LoginPageController.java:[5,38] package com.vakya.user_service.service does not exist
[ERROR] /home/vakdevi/Downloads/comment-service/src/main/java/com/vakya/user_service/controller/LoginPageController.java:[16,19] cannot find symbol
[ERROR]   symbol:   class UserService
[ERROR]   location: class com.vakya.user_service.controller.LoginPageController
[ERROR] /home/vakdevi/Downloads/comment-service/src/main/java/com/vakya/user_service/controller/LoginPageController.java:[19,32] cannot find symbol
[ERROR]   symbol:   class UserService
[ERROR]   location: class com.vakya.user_service.controller.LoginPageController
[ERROR] /home/vakdevi/Downloads/comment-service/src/main/java/com/vakya/user_service/controller/LoginPageController.java:[36,48] cannot find symbol
[ERROR]   symbol:   class User
[ERROR]   location: class com.vakya.user_service.controller.LoginPageController
[ERROR] -> [Help 1]
[ERROR] 
[ERROR] To see the full stack trace of the errors, re-run Maven with the -e switch.
[ERROR] Re-run Maven using the -X switch to enable full debug logging.
[ERROR] 
[ERROR] For more information about the errors and possible solutions, please read the following articles:
[ERROR] [Help 1] http://cwiki.apache.org/confluence/display/MAVEN/MojoFailureException
